# JRE version: Java(TM) SE Runtime Environment (8.0_111-b14) (build 1.8.0_111-b14)
# Java VM: Java HotSpot(TM) 64-Bit Server VM (25.111-b14 mixed mode linux-amd64 compressed oops)
Heap:
 garbage-first heap   total 477184K, used 305013K [0x00000000c0000000, 0x00000000c0100e90, 0x0000000100000000)
  region size 1024K, 93 young (95232K), 3 survivors (3072K)
 Metaspace       used 144272K, capacity 156732K, committed 156976K, reserved 1185792K
  class space    used 16653K, capacity 20195K, committed 20272K, reserved 1048576K
GC Heap History (10 events):
Event: 5046,237 GC heap before
{Heap before GC invocations=285 (full 0):
 garbage-first heap   total 477184K, used 235004K [0x00000000c0000000, 0x00000000c0100e90, 0x0000000100000000)
  region size 1024K, 23 young (23552K), 7 survivors (7168K)
 Metaspace       used 143262K, capacity 155668K, committed 155824K, reserved 1185792K
  class space    used 16531K, capacity 20108K, committed 20144K, reserved 1048576K
Event: 5046,250 GC heap after
Heap after GC invocations=286 (full 0):
 garbage-first heap   total 477184K, used 215630K [0x00000000c0000000, 0x00000000c0100e90, 0x0000000100000000)
  region size 1024K, 3 young (3072K), 3 survivors (3072K)
 Metaspace       used 143262K, capacity 155668K, committed 155824K, reserved 1185792K
  class space    used 16531K, capacity 20108K, committed 20144K, reserved 1048576K
}
Event: 5061,460 GC heap before
{Heap before GC invocations=286 (full 0):
 garbage-first heap   total 477184K, used 420430K [0x00000000c0000000, 0x00000000c0100e90, 0x0000000100000000)
  region size 1024K, 203 young (207872K), 3 survivors (3072K)
 Metaspace       used 143295K, capacity 155668K, committed 155824K, reserved 1185792K
  class space    used 16531K, capacity 20108K, committed 20144K, reserved 1048576K
Event: 5061,474 GC heap after
Heap after GC invocations=287 (full 0):
 garbage-first heap   total 477184K, used 214506K [0x00000000c0000000, 0x00000000c0100e90, 0x0000000100000000)
  region size 1024K, 2 young (2048K), 2 survivors (2048K)
 Metaspace       used 143295K, capacity 155668K, committed 155824K, reserved 1185792K
  class space    used 16531K, capacity 20108K, committed 20144K, reserved 1048576K
}
Event: 5089,972 GC heap before
{Heap before GC invocations=287 (full 0):
 garbage-first heap   total 477184K, used 421354K [0x00000000c0000000, 0x00000000c0100e90, 0x0000000100000000)
  region size 1024K, 204 young (208896K), 2 survivors (2048K)
 Metaspace       used 143319K, capacity 155668K, committed 155824K, reserved 1185792K
  class space    used 16531K, capacity 20108K, committed 20144K, reserved 1048576K
Event: 5089,983 GC heap after
Heap after GC invocations=288 (full 0):
 garbage-first heap   total 477184K, used 222590K [0x00000000c0000000, 0x00000000c0100e90, 0x0000000100000000)
  region size 1024K, 10 young (10240K), 10 survivors (10240K)
 Metaspace       used 143319K, capacity 155668K, committed 155824K, reserved 1185792K
  class space    used 16531K, capacity 20108K, committed 20144K, reserved 1048576K
}
Event: 5130,532 GC heap before
{Heap before GC invocations=289 (full 0):
 garbage-first heap   total 477184K, used 413054K [0x00000000c0000000, 0x00000000c0100e90, 0x0000000100000000)
  region size 1024K, 196 young (200704K), 10 survivors (10240K)
 Metaspace       used 143425K, capacity 155750K, committed 156080K, reserved 1185792K
  class space    used 16536K, capacity 20111K, committed 20144K, reserved 1048576K
Event: 5130,541 GC heap after
Heap after GC invocations=290 (full 0):
 garbage-first heap   total 477184K, used 219214K [0x00000000c0000000, 0x00000000c0100e90, 0x0000000100000000)
  region size 1024K, 7 young (7168K), 7 survivors (7168K)
 Metaspace       used 143425K, capacity 155750K, committed 156080K, reserved 1185792K
  class space    used 16536K, capacity 20111K, committed 20144K, reserved 1048576K
}
Event: 5132,334 GC heap before
{Heap before GC invocations=290 (full 0):
 garbage-first heap   total 477184K, used 235598K [0x00000000c0000000, 0x00000000c0100e90, 0x0000000100000000)
  region size 1024K, 23 young (23552K), 7 survivors (7168K)
 Metaspace       used 143425K, capacity 155750K, committed 156080K, reserved 1185792K
  class space    used 16536K, capacity 20111K, committed 20144K, reserved 1048576K
Event: 5132,350 GC heap after
Heap after GC invocations=291 (full 0):
 garbage-first heap   total 477184K, used 213877K [0x00000000c0000000, 0x00000000c0100e90, 0x0000000100000000)
  region size 1024K, 3 young (3072K), 3 survivors (3072K)
 Metaspace       used 143425K, capacity 155750K, committed 156080K, reserved 1185792K
  class space    used 16536K, capacity 20111K, committed 20144K, reserved 1048576K
}

